2022-11-09 01:58:20[WARN] user: jean
GET /users/1/posts
USE eager loading detected
  Comment => [:author]
  Add to your query: .includes([:author])
Call stack

2022-11-09 01:58:20[WARN] user: jean
GET /users/1/posts
AVOID eager loading detected
  User => [:posts]
  Remove from your query: .includes([:posts])
Call stack

2022-11-09 01:58:20[WARN] user: jean
GET /users/1/posts
AVOID eager loading detected
  Post => [:comments]
  Remove from your query: .includes([:comments])
Call stack

2022-11-09 02:10:31[WARN] user: jean
GET /users/1/posts
USE eager loading detected
  Comment => [:author]
  Add to your query: .includes([:author])
Call stack

2022-11-09 02:10:31[WARN] user: jean
GET /users/1/posts
AVOID eager loading detected
  User => [:posts]
  Remove from your query: .includes([:posts])
Call stack

2022-11-09 02:10:31[WARN] user: jean
GET /users/1/posts
AVOID eager loading detected
  Post => [:comments]
  Remove from your query: .includes([:comments])
Call stack

2022-11-09 02:16:23[WARN] user: jean
GET /users/1/posts
USE eager loading detected
  Comment => [:author]
  Add to your query: .includes([:author])
Call stack

2022-11-09 02:16:23[WARN] user: jean
GET /users/1/posts
AVOID eager loading detected
  User => [:posts]
  Remove from your query: .includes([:posts])
Call stack

2022-11-09 02:16:23[WARN] user: jean
GET /users/1/posts
AVOID eager loading detected
  Post => [:comments]
  Remove from your query: .includes([:comments])
Call stack

2022-11-09 02:20:38[WARN] user: jean
GET /users/1/posts
USE eager loading detected
  Comment => [:author]
  Add to your query: .includes([:author])
Call stack

2022-11-09 02:20:38[WARN] user: jean
GET /users/1/posts
AVOID eager loading detected
  User => [:posts]
  Remove from your query: .includes([:posts])
Call stack

2022-11-09 02:20:38[WARN] user: jean
GET /users/1/posts
AVOID eager loading detected
  Post => [:comments, :author]
  Remove from your query: .includes([:comments, :author])
Call stack

2022-11-09 02:20:48[WARN] user: jean
GET /users/1/posts
USE eager loading detected
  Comment => [:author]
  Add to your query: .includes([:author])
Call stack

2022-11-09 02:20:48[WARN] user: jean
GET /users/1/posts
AVOID eager loading detected
  User => [:posts]
  Remove from your query: .includes([:posts])
Call stack

2022-11-09 02:20:48[WARN] user: jean
GET /users/1/posts
AVOID eager loading detected
  Post => [:comments, :author]
  Remove from your query: .includes([:comments, :author])
Call stack

2022-11-09 02:22:04[WARN] user: jean
GET /users/1/posts
USE eager loading detected
  Comment => [:author]
  Add to your query: .includes([:author])
Call stack

2022-11-09 02:22:04[WARN] user: jean
GET /users/1/posts
AVOID eager loading detected
  User => [:posts]
  Remove from your query: .includes([:posts])
Call stack

2022-11-09 02:22:04[WARN] user: jean
GET /users/1/posts
AVOID eager loading detected
  Post => [:comments, :author]
  Remove from your query: .includes([:comments, :author])
Call stack

2022-11-09 02:24:41[WARN] user: jean
GET /users/1/posts
USE eager loading detected
  Comment => [:author]
  Add to your query: .includes([:author])
Call stack

2022-11-09 02:24:41[WARN] user: jean
GET /users/1/posts
AVOID eager loading detected
  Post => [:comments, :author]
  Remove from your query: .includes([:comments, :author])
Call stack

2022-11-09 02:25:41[WARN] user: jean
GET /users/1/posts
USE eager loading detected
  Comment => [:author]
  Add to your query: .includes([:author])
Call stack

2022-11-09 02:25:41[WARN] user: jean
GET /users/1/posts
AVOID eager loading detected
  Post => [:comments, :author]
  Remove from your query: .includes([:comments, :author])
Call stack

2022-11-09 02:26:18[WARN] user: jean
GET /users/1/posts
USE eager loading detected
  Comment => [:author]
  Add to your query: .includes([:author])
Call stack

2022-11-09 02:26:18[WARN] user: jean
GET /users/1/posts
AVOID eager loading detected
  Post => [:author]
  Remove from your query: .includes([:author])
Call stack

2022-11-09 02:27:39[WARN] user: jean
GET /users/1/posts
USE eager loading detected
  Comment => [:author]
  Add to your query: .includes([:author])
Call stack

2022-11-09 02:27:39[WARN] user: jean
GET /users/1/posts
AVOID eager loading detected
  Post => [:author]
  Remove from your query: .includes([:author])
Call stack

2022-11-09 02:32:19[WARN] user: jean
GET /users/1/posts
USE eager loading detected
  Comment => [:author]
  Add to your query: .includes([:author])
Call stack

2022-11-09 02:32:19[WARN] user: jean
GET /users/1/posts
AVOID eager loading detected
  Post => [:author]
  Remove from your query: .includes([:author])
Call stack

2022-11-09 02:32:31[WARN] user: jean
GET /users/1/posts
USE eager loading detected
  Comment => [:author]
  Add to your query: .includes([:author])
Call stack

2022-11-09 02:32:31[WARN] user: jean
GET /users/1/posts
AVOID eager loading detected
  Post => [:author]
  Remove from your query: .includes([:author])
Call stack

2022-11-09 02:34:50[WARN] user: jean
GET /users/1/posts
USE eager loading detected
  Comment => [:author]
  Add to your query: .includes([:author])
Call stack

2022-11-09 02:34:50[WARN] user: jean
GET /users/1/posts
AVOID eager loading detected
  User => [:posts]
  Remove from your query: .includes([:posts])
Call stack

2022-11-09 02:34:50[WARN] user: jean
GET /users/1/posts
AVOID eager loading detected
  Post => [:comments]
  Remove from your query: .includes([:comments])
Call stack

2022-11-09 02:36:43[WARN] user: jean
GET /users/1/posts
USE eager loading detected
  Comment => [:author]
  Add to your query: .includes([:author])
Call stack

2022-11-09 02:36:43[WARN] user: jean
GET /users/1/posts
AVOID eager loading detected
  User => [:posts]
  Remove from your query: .includes([:posts])
Call stack

2022-11-09 02:36:43[WARN] user: jean
GET /users/1/posts
AVOID eager loading detected
  Post => [:comments]
  Remove from your query: .includes([:comments])
Call stack

2022-11-09 02:39:41[WARN] user: jean
GET /users/1/posts
USE eager loading detected
  Comment => [:author]
  Add to your query: .includes([:author])
Call stack

2022-11-09 02:39:41[WARN] user: jean
GET /users/1/posts
AVOID eager loading detected
  User => [:posts]
  Remove from your query: .includes([:posts])
Call stack

2022-11-09 02:39:41[WARN] user: jean
GET /users/1/posts
AVOID eager loading detected
  Post => [:comments]
  Remove from your query: .includes([:comments])
Call stack

2022-11-09 02:41:13[WARN] user: jean
GET /users/1/posts
USE eager loading detected
  Comment => [:author]
  Add to your query: .includes([:author])
Call stack

2022-11-09 02:41:13[WARN] user: jean
GET /users/1/posts
AVOID eager loading detected
  User => [:comments]
  Remove from your query: .includes([:comments])
Call stack

2022-11-09 02:46:49[WARN] user: jean
GET /users/1/posts
USE eager loading detected
  Comment => [:author]
  Add to your query: .includes([:author])
Call stack

2022-11-09 02:46:49[WARN] user: jean
GET /users/1/posts
AVOID eager loading detected
  User => [:comments]
  Remove from your query: .includes([:comments])
Call stack

2022-11-09 02:47:38[WARN] user: jean
GET /users/1/posts
USE eager loading detected
  Comment => [:author]
  Add to your query: .includes([:author])
Call stack

2022-11-09 02:47:38[WARN] user: jean
GET /users/1/posts
AVOID eager loading detected
  User => [:comments]
  Remove from your query: .includes([:comments])
Call stack

2022-11-09 02:48:20[WARN] user: jean
GET /users/1/posts
USE eager loading detected
  Comment => [:author]
  Add to your query: .includes([:author])
Call stack

2022-11-09 02:54:38[WARN] user: jean
GET /users/1/posts
USE eager loading detected
  Comment => [:author]
  Add to your query: .includes([:author])
Call stack

2022-11-09 02:55:55[WARN] user: jean
GET /users/1/posts
USE eager loading detected
  Comment => [:author]
  Add to your query: .includes([:author])
Call stack

2022-11-09 02:56:28[WARN] user: jean
GET /users/1/posts
USE eager loading detected
  Comment => [:author]
  Add to your query: .includes([:author])
Call stack

2022-11-09 02:56:29[WARN] user: jean
GET /users/1/posts
USE eager loading detected
  Comment => [:author]
  Add to your query: .includes([:author])
Call stack

2022-11-09 02:56:34[WARN] user: jean
GET /users/1/posts
USE eager loading detected
  Comment => [:author]
  Add to your query: .includes([:author])
Call stack

2022-11-09 02:57:37[WARN] user: jean
GET /users/1/posts
USE eager loading detected
  Comment => [:author]
  Add to your query: .includes([:author])
Call stack

2022-11-09 02:58:17[WARN] user: jean
GET /users/1/posts
USE eager loading detected
  Comment => [:author]
  Add to your query: .includes([:author])
Call stack

2022-11-09 02:58:21[WARN] user: jean
GET /users/1/posts
USE eager loading detected
  Comment => [:author]
  Add to your query: .includes([:author])
Call stack

2022-11-09 02:58:30[WARN] user: jean
GET /users/1/posts
USE eager loading detected
  Comment => [:author]
  Add to your query: .includes([:author])
Call stack

2022-11-09 02:58:34[WARN] user: jean
GET /users/1/posts
USE eager loading detected
  Comment => [:author]
  Add to your query: .includes([:author])
Call stack

2022-11-09 02:59:05[WARN] user: jean
GET /users/1/posts
USE eager loading detected
  Comment => [:author]
  Add to your query: .includes([:author])
Call stack

2022-11-09 02:59:08[WARN] user: jean
GET /users/1/posts
USE eager loading detected
  Comment => [:author]
  Add to your query: .includes([:author])
Call stack

2022-11-09 03:01:24[WARN] user: jean
GET /users/1/posts
USE eager loading detected
  Comment => [:author]
  Add to your query: .includes([:author])
Call stack

2022-11-09 03:01:24[WARN] user: jean
GET /users/1/posts
AVOID eager loading detected
  User => [:posts]
  Remove from your query: .includes([:posts])
Call stack

2022-11-09 03:01:24[WARN] user: jean
GET /users/1/posts
AVOID eager loading detected
  Post => [:comments]
  Remove from your query: .includes([:comments])
Call stack

2022-11-09 03:02:41[WARN] user: jean
GET /users/1/posts
USE eager loading detected
  Comment => [:author]
  Add to your query: .includes([:author])
Call stack

2022-11-09 03:02:41[WARN] user: jean
GET /users/1/posts
AVOID eager loading detected
  User => [:posts]
  Remove from your query: .includes([:posts])
Call stack

2022-11-09 03:02:41[WARN] user: jean
GET /users/1/posts
AVOID eager loading detected
  Post => [:comments]
  Remove from your query: .includes([:comments])
Call stack

2022-11-09 03:03:21[WARN] user: jean
GET /users/1/posts
USE eager loading detected
  Comment => [:author]
  Add to your query: .includes([:author])
Call stack

2022-11-09 03:03:21[WARN] user: jean
GET /users/1/posts
AVOID eager loading detected
  User => [:posts]
  Remove from your query: .includes([:posts])
Call stack

2022-11-09 03:03:21[WARN] user: jean
GET /users/1/posts
AVOID eager loading detected
  Post => [:comments]
  Remove from your query: .includes([:comments])
Call stack

2022-11-09 03:04:47[WARN] user: jean
GET /users/1/posts
USE eager loading detected
  Comment => [:author]
  Add to your query: .includes([:author])
Call stack

2022-11-09 03:04:47[WARN] user: jean
GET /users/1/posts
AVOID eager loading detected
  Post => [:comments]
  Remove from your query: .includes([:comments])
Call stack

2022-11-09 03:05:15[WARN] user: jean
GET /users/1/posts
USE eager loading detected
  Comment => [:author]
  Add to your query: .includes([:author])
Call stack

2022-11-09 03:10:16[WARN] user: jean
GET /users/1/posts
USE eager loading detected
  Comment => [:author]
  Add to your query: .includes([:author])
Call stack

2022-11-09 03:10:16[WARN] user: jean
GET /users/1/posts
AVOID eager loading detected
  User => [:posts]
  Remove from your query: .includes([:posts])
Call stack

2022-11-09 03:10:16[WARN] user: jean
GET /users/1/posts
AVOID eager loading detected
  Post => [:comments]
  Remove from your query: .includes([:comments])
Call stack

2022-11-09 08:07:15[WARN] user: jean
GET /users/1/posts
USE eager loading detected
  Comment => [:author]
  Add to your query: .includes([:author])
Call stack

2022-11-09 08:07:15[WARN] user: jean
GET /users/1/posts
AVOID eager loading detected
  User => [:posts]
  Remove from your query: .includes([:posts])
Call stack

2022-11-09 08:07:15[WARN] user: jean
GET /users/1/posts
AVOID eager loading detected
  Post => [:comments]
  Remove from your query: .includes([:comments])
Call stack

2022-11-09 08:23:33[WARN] user: jean
GET /users/1/posts
AVOID eager loading detected
  User => [:posts]
  Remove from your query: .includes([:posts])
Call stack

2022-11-09 08:23:33[WARN] user: jean
GET /users/1/posts
AVOID eager loading detected
  Post => [:comments]
  Remove from your query: .includes([:comments])
Call stack

2022-11-09 08:26:38[WARN] user: jean
GET /users/1/posts
AVOID eager loading detected
  User => [:posts]
  Remove from your query: .includes([:posts])
Call stack

2022-11-09 08:26:38[WARN] user: jean
GET /users/1/posts
AVOID eager loading detected
  Post => [:comments]
  Remove from your query: .includes([:comments])
Call stack

2022-11-09 08:32:59[WARN] user: jean
GET /users/1/posts
AVOID eager loading detected
  User => [:posts]
  Remove from your query: .includes([:posts])
Call stack

2022-11-09 08:32:59[WARN] user: jean
GET /users/1/posts
AVOID eager loading detected
  Post => [:comments]
  Remove from your query: .includes([:comments])
Call stack

2022-11-09 08:34:46[WARN] user: jean
GET /users/1/posts
AVOID eager loading detected
  User => [:posts]
  Remove from your query: .includes([:posts])
Call stack

2022-11-09 08:34:46[WARN] user: jean
GET /users/1/posts
AVOID eager loading detected
  Post => [:comments]
  Remove from your query: .includes([:comments])
Call stack

2022-11-09 16:42:29[WARN] user: jean
GET /users/1/posts
AVOID eager loading detected
  Post => [:author]
  Remove from your query: .includes([:author])
Call stack

2022-11-09 16:43:38[WARN] user: jean
GET /users/1/posts
AVOID eager loading detected
  Post => [:author]
  Remove from your query: .includes([:author])
Call stack

2022-11-09 17:27:12[WARN] user: jean
GET /users/1/posts
AVOID eager loading detected
  User => [:posts]
  Remove from your query: .includes([:posts])
Call stack

2022-11-09 17:27:12[WARN] user: jean
GET /users/1/posts
AVOID eager loading detected
  Post => [:comments]
  Remove from your query: .includes([:comments])
Call stack

2022-11-09 17:30:21[WARN] user: jean
GET /users/1/posts
AVOID eager loading detected
  Post => [:comments]
  Remove from your query: .includes([:comments])
Call stack

2022-11-09 17:31:23[WARN] user: jean
GET /users/1/posts
AVOID eager loading detected
  Post => [:comments]
  Remove from your query: .includes([:comments])
Call stack

2022-11-09 17:32:23[WARN] user: jean
GET /users/1/posts
AVOID eager loading detected
  Post => [:comments]
  Remove from your query: .includes([:comments])
Call stack

2022-11-09 17:33:12[WARN] user: jean
GET /users/1/posts
AVOID eager loading detected
  Post => [:comments]
  Remove from your query: .includes([:comments])
Call stack

2022-11-09 17:34:28[WARN] user: jean
GET /users/1/posts
AVOID eager loading detected
  Post => [:comments]
  Remove from your query: .includes([:comments])
Call stack

2022-11-09 17:34:35[WARN] user: jean
GET /users/1/posts
AVOID eager loading detected
  Post => [:comments]
  Remove from your query: .includes([:comments])
Call stack

2022-11-09 17:35:53[WARN] user: jean
GET /users/1/posts/4
AVOID eager loading detected
  User => [:posts]
  Remove from your query: .includes([:posts])
Call stack

2022-11-09 17:35:53[WARN] user: jean
GET /users/1/posts/4
AVOID eager loading detected
  Post => [:author]
  Remove from your query: .includes([:author])
Call stack

2022-11-09 17:40:38[WARN] user: jean
GET /users/1/posts/4
AVOID eager loading detected
  User => [:posts]
  Remove from your query: .includes([:posts])
Call stack

2022-11-09 17:40:38[WARN] user: jean
GET /users/1/posts/4
AVOID eager loading detected
  Post => [:author]
  Remove from your query: .includes([:author])
Call stack

2022-11-09 17:41:19[WARN] user: jean
GET /users/1/posts/4
AVOID eager loading detected
  User => [:posts]
  Remove from your query: .includes([:posts])
Call stack

2022-11-09 17:41:19[WARN] user: jean
GET /users/1/posts/4
AVOID eager loading detected
  Post => [:author]
  Remove from your query: .includes([:author])
Call stack

2022-11-09 17:42:21[WARN] user: jean
GET /users/1/posts/4
AVOID eager loading detected
  Post => [:author]
  Remove from your query: .includes([:author])
Call stack

2022-11-09 17:43:40[WARN] user: jean
GET /users/1/posts/4
AVOID eager loading detected
  Post => [:author]
  Remove from your query: .includes([:author])
Call stack

2022-11-09 17:46:10[WARN] user: jean
GET /users/1/posts
AVOID eager loading detected
  User => [:posts]
  Remove from your query: .includes([:posts])
Call stack

2022-11-09 17:46:36[WARN] user: jean
GET /users/1/posts
AVOID eager loading detected
  User => [:posts]
  Remove from your query: .includes([:posts])
Call stack

2022-11-09 17:47:32[WARN] user: jean
GET /users/1/posts
AVOID eager loading detected
  Post => [:author]
  Remove from your query: .includes([:author])
Call stack

2022-11-09 17:49:58[WARN] user: jean
GET /users/1/posts/2
AVOID eager loading detected
  Post => [:author]
  Remove from your query: .includes([:author])
Call stack

2022-11-09 17:54:14[WARN] user: jean
GET /users/1/posts/4
AVOID eager loading detected
  Comment => [:author]
  Remove from your query: .includes([:author])
Call stack

2022-11-09 17:55:01[WARN] user: jean
GET /users/1/posts/4
AVOID eager loading detected
  Comment => [:author]
  Remove from your query: .includes([:author])
Call stack

2022-11-09 18:13:13[WARN] user: jean
GET /users/1/posts
AVOID eager loading detected
  Post => [:author]
  Remove from your query: .includes([:author])
Call stack

2022-11-09 18:14:06[WARN] user: jean
GET /users/1/posts
AVOID eager loading detected
  Post => [:author]
  Remove from your query: .includes([:author])
Call stack

2022-11-09 18:15:29[WARN] user: jean
GET /users/1/posts
AVOID eager loading detected
  Post => [:author]
  Remove from your query: .includes([:author])
Call stack

